2020-11-05 09:07:47,792 INFO [org.springframework.test.context.support.DefaultTestContextBootstrapper] - Loaded default TestExecutionListener class names from location [META-INF/spring.factories]: [org.springframework.test.context.web.ServletTestExecutionListener, org.springframework.test.context.support.DirtiesContextBeforeModesTestExecutionListener, org.springframework.test.context.support.DependencyInjectionTestExecutionListener, org.springframework.test.context.support.DirtiesContextTestExecutionListener, org.springframework.test.context.transaction.TransactionalTestExecutionListener, org.springframework.test.context.jdbc.SqlScriptsTestExecutionListener]
2020-11-05 09:07:47,924 INFO [org.springframework.test.context.support.DefaultTestContextBootstrapper] - Using TestExecutionListeners: [org.springframework.test.context.web.ServletTestExecutionListener@4678c730, org.springframework.test.context.support.DirtiesContextBeforeModesTestExecutionListener@6767c1fc, org.springframework.test.context.support.DependencyInjectionTestExecutionListener@29ee9faa, org.springframework.test.context.support.DirtiesContextTestExecutionListener@c038203, org.springframework.test.context.transaction.TransactionalTestExecutionListener@cc285f4, org.springframework.test.context.jdbc.SqlScriptsTestExecutionListener@55f3ddb1]
2020-11-05 09:07:48,439 INFO [org.springframework.beans.factory.xml.XmlBeanDefinitionReader] - Loading XML bean definitions from class path resource [spring-context.xml]
2020-11-05 09:07:49,420 INFO [org.springframework.beans.factory.xml.XmlBeanDefinitionReader] - Loading XML bean definitions from class path resource [spring-context-druid.xml]
2020-11-05 09:07:49,521 INFO [org.springframework.beans.factory.xml.XmlBeanDefinitionReader] - Loading XML bean definitions from class path resource [spring-context-mybatis.xml]
2020-11-05 09:07:49,558 INFO [org.springframework.context.support.GenericApplicationContext] - Refreshing org.springframework.context.support.GenericApplicationContext@6adede5: startup date [Thu Nov 05 09:07:49 CST 2020]; root of context hierarchy
2020-11-05 09:07:51,648 INFO [com.alibaba.druid.pool.DruidDataSource] - {dataSource-1} inited
2020-11-05 09:07:52,727 INFO [org.springframework.context.support.GenericApplicationContext] - Closing org.springframework.context.support.GenericApplicationContext@6adede5: startup date [Thu Nov 05 09:07:49 CST 2020]; root of context hierarchy
2020-11-05 09:07:52,751 INFO [com.alibaba.druid.pool.DruidDataSource] - {dataSource-1} closed
2020-11-05 09:53:43,075 INFO [org.springframework.test.context.support.DefaultTestContextBootstrapper] - Loaded default TestExecutionListener class names from location [META-INF/spring.factories]: [org.springframework.test.context.web.ServletTestExecutionListener, org.springframework.test.context.support.DirtiesContextBeforeModesTestExecutionListener, org.springframework.test.context.support.DependencyInjectionTestExecutionListener, org.springframework.test.context.support.DirtiesContextTestExecutionListener, org.springframework.test.context.transaction.TransactionalTestExecutionListener, org.springframework.test.context.jdbc.SqlScriptsTestExecutionListener]
2020-11-05 09:53:43,109 INFO [org.springframework.test.context.support.DefaultTestContextBootstrapper] - Using TestExecutionListeners: [org.springframework.test.context.web.ServletTestExecutionListener@4678c730, org.springframework.test.context.support.DirtiesContextBeforeModesTestExecutionListener@6767c1fc, org.springframework.test.context.support.DependencyInjectionTestExecutionListener@29ee9faa, org.springframework.test.context.support.DirtiesContextTestExecutionListener@c038203, org.springframework.test.context.transaction.TransactionalTestExecutionListener@cc285f4, org.springframework.test.context.jdbc.SqlScriptsTestExecutionListener@55f3ddb1]
2020-11-05 09:53:43,260 INFO [org.springframework.beans.factory.xml.XmlBeanDefinitionReader] - Loading XML bean definitions from class path resource [spring-context.xml]
2020-11-05 09:53:43,608 INFO [org.springframework.beans.factory.xml.XmlBeanDefinitionReader] - Loading XML bean definitions from class path resource [spring-context-druid.xml]
2020-11-05 09:53:43,664 INFO [org.springframework.beans.factory.xml.XmlBeanDefinitionReader] - Loading XML bean definitions from class path resource [spring-context-mybatis.xml]
2020-11-05 09:53:43,684 INFO [org.springframework.context.support.GenericApplicationContext] - Refreshing org.springframework.context.support.GenericApplicationContext@6adede5: startup date [Thu Nov 05 09:53:43 CST 2020]; root of context hierarchy
2020-11-05 09:53:44,808 INFO [com.alibaba.druid.pool.DruidDataSource] - {dataSource-1} inited
2020-11-05 09:53:45,511 INFO [org.springframework.beans.factory.xml.XmlBeanDefinitionReader] - Loading XML bean definitions from class path resource [org/springframework/jdbc/support/sql-error-codes.xml]
2020-11-05 09:53:45,552 INFO [org.springframework.jdbc.support.SQLErrorCodesFactory] - SQLErrorCodes loaded: [DB2, Derby, H2, HDB, HSQL, Informix, MS-SQL, MySQL, Oracle, PostgreSQL, Sybase]
2020-11-05 09:53:45,577 INFO [org.springframework.context.support.GenericApplicationContext] - Closing org.springframework.context.support.GenericApplicationContext@6adede5: startup date [Thu Nov 05 09:53:43 CST 2020]; root of context hierarchy
2020-11-05 09:53:45,588 INFO [com.alibaba.druid.pool.DruidDataSource] - {dataSource-1} closed
2020-11-05 09:58:44,814 INFO [org.springframework.test.context.support.DefaultTestContextBootstrapper] - Loaded default TestExecutionListener class names from location [META-INF/spring.factories]: [org.springframework.test.context.web.ServletTestExecutionListener, org.springframework.test.context.support.DirtiesContextBeforeModesTestExecutionListener, org.springframework.test.context.support.DependencyInjectionTestExecutionListener, org.springframework.test.context.support.DirtiesContextTestExecutionListener, org.springframework.test.context.transaction.TransactionalTestExecutionListener, org.springframework.test.context.jdbc.SqlScriptsTestExecutionListener]
2020-11-05 09:58:44,858 INFO [org.springframework.test.context.support.DefaultTestContextBootstrapper] - Using TestExecutionListeners: [org.springframework.test.context.web.ServletTestExecutionListener@4678c730, org.springframework.test.context.support.DirtiesContextBeforeModesTestExecutionListener@6767c1fc, org.springframework.test.context.support.DependencyInjectionTestExecutionListener@29ee9faa, org.springframework.test.context.support.DirtiesContextTestExecutionListener@c038203, org.springframework.test.context.transaction.TransactionalTestExecutionListener@cc285f4, org.springframework.test.context.jdbc.SqlScriptsTestExecutionListener@55f3ddb1]
2020-11-05 09:58:45,013 INFO [org.springframework.beans.factory.xml.XmlBeanDefinitionReader] - Loading XML bean definitions from class path resource [spring-context.xml]
2020-11-05 09:58:45,370 INFO [org.springframework.beans.factory.xml.XmlBeanDefinitionReader] - Loading XML bean definitions from class path resource [spring-context-druid.xml]
2020-11-05 09:58:45,424 INFO [org.springframework.beans.factory.xml.XmlBeanDefinitionReader] - Loading XML bean definitions from class path resource [spring-context-mybatis.xml]
2020-11-05 09:58:45,442 INFO [org.springframework.context.support.GenericApplicationContext] - Refreshing org.springframework.context.support.GenericApplicationContext@6adede5: startup date [Thu Nov 05 09:58:45 CST 2020]; root of context hierarchy
2020-11-05 09:58:46,583 INFO [com.alibaba.druid.pool.DruidDataSource] - {dataSource-1} inited
2020-11-05 09:58:47,231 INFO [org.springframework.beans.factory.xml.XmlBeanDefinitionReader] - Loading XML bean definitions from class path resource [org/springframework/jdbc/support/sql-error-codes.xml]
2020-11-05 09:58:47,268 INFO [org.springframework.jdbc.support.SQLErrorCodesFactory] - SQLErrorCodes loaded: [DB2, Derby, H2, HDB, HSQL, Informix, MS-SQL, MySQL, Oracle, PostgreSQL, Sybase]
2020-11-05 09:58:47,294 INFO [org.springframework.context.support.GenericApplicationContext] - Closing org.springframework.context.support.GenericApplicationContext@6adede5: startup date [Thu Nov 05 09:58:45 CST 2020]; root of context hierarchy
2020-11-05 09:58:47,303 INFO [com.alibaba.druid.pool.DruidDataSource] - {dataSource-1} closed
2020-11-05 10:00:20,620 INFO [org.springframework.test.context.support.DefaultTestContextBootstrapper] - Loaded default TestExecutionListener class names from location [META-INF/spring.factories]: [org.springframework.test.context.web.ServletTestExecutionListener, org.springframework.test.context.support.DirtiesContextBeforeModesTestExecutionListener, org.springframework.test.context.support.DependencyInjectionTestExecutionListener, org.springframework.test.context.support.DirtiesContextTestExecutionListener, org.springframework.test.context.transaction.TransactionalTestExecutionListener, org.springframework.test.context.jdbc.SqlScriptsTestExecutionListener]
2020-11-05 10:00:20,658 INFO [org.springframework.test.context.support.DefaultTestContextBootstrapper] - Using TestExecutionListeners: [org.springframework.test.context.web.ServletTestExecutionListener@14d3bc22, org.springframework.test.context.support.DirtiesContextBeforeModesTestExecutionListener@12d4bf7e, org.springframework.test.context.support.DependencyInjectionTestExecutionListener@4c1d9d4b, org.springframework.test.context.support.DirtiesContextTestExecutionListener@7b227d8d, org.springframework.test.context.transaction.TransactionalTestExecutionListener@7219ec67, org.springframework.test.context.jdbc.SqlScriptsTestExecutionListener@45018215]
2020-11-05 10:00:20,879 INFO [org.springframework.beans.factory.xml.XmlBeanDefinitionReader] - Loading XML bean definitions from class path resource [spring-context.xml]
2020-11-05 10:00:21,299 INFO [org.springframework.beans.factory.xml.XmlBeanDefinitionReader] - Loading XML bean definitions from class path resource [spring-context-druid.xml]
2020-11-05 10:00:21,364 INFO [org.springframework.beans.factory.xml.XmlBeanDefinitionReader] - Loading XML bean definitions from class path resource [spring-context-mybatis.xml]
2020-11-05 10:00:21,430 INFO [org.springframework.context.support.GenericApplicationContext] - Refreshing org.springframework.context.support.GenericApplicationContext@5e82df6a: startup date [Thu Nov 05 10:00:21 CST 2020]; root of context hierarchy
2020-11-05 10:00:22,698 INFO [com.alibaba.druid.pool.DruidDataSource] - {dataSource-1} inited
2020-11-05 10:00:23,380 INFO [org.springframework.beans.factory.xml.XmlBeanDefinitionReader] - Loading XML bean definitions from class path resource [org/springframework/jdbc/support/sql-error-codes.xml]
2020-11-05 10:00:23,420 INFO [org.springframework.jdbc.support.SQLErrorCodesFactory] - SQLErrorCodes loaded: [DB2, Derby, H2, HDB, HSQL, Informix, MS-SQL, MySQL, Oracle, PostgreSQL, Sybase]
2020-11-05 10:00:23,447 INFO [org.springframework.context.support.GenericApplicationContext] - Closing org.springframework.context.support.GenericApplicationContext@5e82df6a: startup date [Thu Nov 05 10:00:21 CST 2020]; root of context hierarchy
2020-11-05 10:00:23,454 INFO [com.alibaba.druid.pool.DruidDataSource] - {dataSource-1} closed
